<?xml version="1.0" encoding="UTF-8"?>
<testsuite xmlns:xsi="http://www.w3.org/2001/XMLSchema-instance" xsi:noNamespaceSchemaLocation="https://maven.apache.org/surefire/maven-surefire-plugin/xsd/surefire-test-report.xsd" name="calculator.ControllerTest" time="0.001" tests="0" errors="0" skipped="0" failures="0">
  <properties>
    <property name="java.specification.version" value="18"/>
    <property name="sun.jnu.encoding" value="UTF-8"/>
    <property name="java.class.path" value="/home/normat/IdeaProjects/JavaRushWorkBook/target/test-classes:/home/normat/IdeaProjects/JavaRushWorkBook/target/classes:/home/normat/.m2/repository/org/apache/logging/log4j/log4j-slf4j2-impl/2.19.0/log4j-slf4j2-impl-2.19.0.jar:/home/normat/.m2/repository/org/apache/logging/log4j/log4j-api/2.19.0/log4j-api-2.19.0.jar:/home/normat/.m2/repository/org/slf4j/slf4j-api/2.0.6/slf4j-api-2.0.6.jar:/home/normat/.m2/repository/org/apache/logging/log4j/log4j-core/2.19.0/log4j-core-2.19.0.jar:/home/normat/.m2/repository/org/projectlombok/lombok/1.18.24/lombok-1.18.24.jar:/home/normat/.m2/repository/org/apache/maven/plugins/maven-shade-plugin/3.4.1/maven-shade-plugin-3.4.1.jar:/home/normat/.m2/repository/org/codehaus/plexus/plexus-utils/3.4.2/plexus-utils-3.4.2.jar:/home/normat/.m2/repository/org/apache/maven/shared/maven-artifact-transfer/0.13.1/maven-artifact-transfer-0.13.1.jar:/home/normat/.m2/repository/org/apache/maven/maven-core/3.0/maven-core-3.0.jar:/home/normat/.m2/repository/org/apache/maven/maven-model/3.0/maven-model-3.0.jar:/home/normat/.m2/repository/org/apache/maven/maven-settings/3.0/maven-settings-3.0.jar:/home/normat/.m2/repository/org/apache/maven/maven-settings-builder/3.0/maven-settings-builder-3.0.jar:/home/normat/.m2/repository/org/apache/maven/maven-repository-metadata/3.0/maven-repository-metadata-3.0.jar:/home/normat/.m2/repository/org/apache/maven/maven-plugin-api/3.0/maven-plugin-api-3.0.jar:/home/normat/.m2/repository/org/apache/maven/maven-model-builder/3.0/maven-model-builder-3.0.jar:/home/normat/.m2/repository/org/apache/maven/maven-aether-provider/3.0/maven-aether-provider-3.0.jar:/home/normat/.m2/repository/org/sonatype/aether/aether-impl/1.7/aether-impl-1.7.jar:/home/normat/.m2/repository/org/sonatype/aether/aether-spi/1.7/aether-spi-1.7.jar:/home/normat/.m2/repository/org/sonatype/aether/aether-api/1.7/aether-api-1.7.jar:/home/normat/.m2/repository/org/sonatype/aether/aether-util/1.7/aether-util-1.7.jar:/home/normat/.m2/repository/org/codehaus/plexus/plexus-interpolation/1.14/plexus-interpolation-1.14.jar:/home/normat/.m2/repository/org/codehaus/plexus/plexus-classworlds/2.2.3/plexus-classworlds-2.2.3.jar:/home/normat/.m2/repository/org/sonatype/plexus/plexus-sec-dispatcher/1.3/plexus-sec-dispatcher-1.3.jar:/home/normat/.m2/repository/org/sonatype/plexus/plexus-cipher/1.4/plexus-cipher-1.4.jar:/home/normat/.m2/repository/org/apache/maven/maven-artifact/3.0/maven-artifact-3.0.jar:/home/normat/.m2/repository/org/codehaus/plexus/plexus-component-annotations/2.0.0/plexus-component-annotations-2.0.0.jar:/home/normat/.m2/repository/org/apache/maven/shared/maven-common-artifact-filters/3.1.0/maven-common-artifact-filters-3.1.0.jar:/home/normat/.m2/repository/org/ow2/asm/asm/9.4/asm-9.4.jar:/home/normat/.m2/repository/org/ow2/asm/asm-commons/9.4/asm-commons-9.4.jar:/home/normat/.m2/repository/org/ow2/asm/asm-tree/9.4/asm-tree-9.4.jar:/home/normat/.m2/repository/org/jdom/jdom2/2.0.6.1/jdom2-2.0.6.1.jar:/home/normat/.m2/repository/org/apache/maven/shared/maven-dependency-tree/3.2.0/maven-dependency-tree-3.2.0.jar:/home/normat/.m2/repository/org/eclipse/aether/aether-util/1.0.0.v20140518/aether-util-1.0.0.v20140518.jar:/home/normat/.m2/repository/org/eclipse/aether/aether-api/1.0.0.v20140518/aether-api-1.0.0.v20140518.jar:/home/normat/.m2/repository/org/vafer/jdependency/2.8.0/jdependency-2.8.0.jar:/home/normat/.m2/repository/org/apache/maven/shared/maven-shared-utils/3.3.4/maven-shared-utils-3.3.4.jar:/home/normat/.m2/repository/org/apache/commons/commons-collections4/4.4/commons-collections4-4.4.jar:/home/normat/.m2/repository/commons-io/commons-io/2.11.0/commons-io-2.11.0.jar:/home/normat/.m2/repository/org/junit/jupiter/junit-jupiter-api/5.9.1/junit-jupiter-api-5.9.1.jar:/home/normat/.m2/repository/org/opentest4j/opentest4j/1.2.0/opentest4j-1.2.0.jar:/home/normat/.m2/repository/org/junit/platform/junit-platform-commons/1.9.1/junit-platform-commons-1.9.1.jar:/home/normat/.m2/repository/org/apiguardian/apiguardian-api/1.1.2/apiguardian-api-1.1.2.jar:"/>
    <property name="java.vm.vendor" value="Private Build"/>
    <property name="sun.arch.data.model" value="64"/>
    <property name="java.vendor.url" value="Unknown"/>
    <property name="os.name" value="Linux"/>
    <property name="java.vm.specification.version" value="18"/>
    <property name="sun.java.launcher" value="SUN_STANDARD"/>
    <property name="user.country" value="US"/>
    <property name="sun.boot.library.path" value="/usr/lib/jvm/java-18-openjdk-amd64/lib"/>
    <property name="sun.java.command" value="/home/normat/IdeaProjects/JavaRushWorkBook/target/surefire/surefirebooter15856562121115877337.jar /home/normat/IdeaProjects/JavaRushWorkBook/target/surefire 2022-12-23T16-50-10_552-jvmRun1 surefire5414684882277102397tmp surefire_036391872987146826tmp"/>
    <property name="jdk.debug" value="release"/>
    <property name="surefire.test.class.path" value="/home/normat/IdeaProjects/JavaRushWorkBook/target/test-classes:/home/normat/IdeaProjects/JavaRushWorkBook/target/classes:/home/normat/.m2/repository/org/apache/logging/log4j/log4j-slf4j2-impl/2.19.0/log4j-slf4j2-impl-2.19.0.jar:/home/normat/.m2/repository/org/apache/logging/log4j/log4j-api/2.19.0/log4j-api-2.19.0.jar:/home/normat/.m2/repository/org/slf4j/slf4j-api/2.0.6/slf4j-api-2.0.6.jar:/home/normat/.m2/repository/org/apache/logging/log4j/log4j-core/2.19.0/log4j-core-2.19.0.jar:/home/normat/.m2/repository/org/projectlombok/lombok/1.18.24/lombok-1.18.24.jar:/home/normat/.m2/repository/org/apache/maven/plugins/maven-shade-plugin/3.4.1/maven-shade-plugin-3.4.1.jar:/home/normat/.m2/repository/org/codehaus/plexus/plexus-utils/3.4.2/plexus-utils-3.4.2.jar:/home/normat/.m2/repository/org/apache/maven/shared/maven-artifact-transfer/0.13.1/maven-artifact-transfer-0.13.1.jar:/home/normat/.m2/repository/org/apache/maven/maven-core/3.0/maven-core-3.0.jar:/home/normat/.m2/repository/org/apache/maven/maven-model/3.0/maven-model-3.0.jar:/home/normat/.m2/repository/org/apache/maven/maven-settings/3.0/maven-settings-3.0.jar:/home/normat/.m2/repository/org/apache/maven/maven-settings-builder/3.0/maven-settings-builder-3.0.jar:/home/normat/.m2/repository/org/apache/maven/maven-repository-metadata/3.0/maven-repository-metadata-3.0.jar:/home/normat/.m2/repository/org/apache/maven/maven-plugin-api/3.0/maven-plugin-api-3.0.jar:/home/normat/.m2/repository/org/apache/maven/maven-model-builder/3.0/maven-model-builder-3.0.jar:/home/normat/.m2/repository/org/apache/maven/maven-aether-provider/3.0/maven-aether-provider-3.0.jar:/home/normat/.m2/repository/org/sonatype/aether/aether-impl/1.7/aether-impl-1.7.jar:/home/normat/.m2/repository/org/sonatype/aether/aether-spi/1.7/aether-spi-1.7.jar:/home/normat/.m2/repository/org/sonatype/aether/aether-api/1.7/aether-api-1.7.jar:/home/normat/.m2/repository/org/sonatype/aether/aether-util/1.7/aether-util-1.7.jar:/home/normat/.m2/repository/org/codehaus/plexus/plexus-interpolation/1.14/plexus-interpolation-1.14.jar:/home/normat/.m2/repository/org/codehaus/plexus/plexus-classworlds/2.2.3/plexus-classworlds-2.2.3.jar:/home/normat/.m2/repository/org/sonatype/plexus/plexus-sec-dispatcher/1.3/plexus-sec-dispatcher-1.3.jar:/home/normat/.m2/repository/org/sonatype/plexus/plexus-cipher/1.4/plexus-cipher-1.4.jar:/home/normat/.m2/repository/org/apache/maven/maven-artifact/3.0/maven-artifact-3.0.jar:/home/normat/.m2/repository/org/codehaus/plexus/plexus-component-annotations/2.0.0/plexus-component-annotations-2.0.0.jar:/home/normat/.m2/repository/org/apache/maven/shared/maven-common-artifact-filters/3.1.0/maven-common-artifact-filters-3.1.0.jar:/home/normat/.m2/repository/org/ow2/asm/asm/9.4/asm-9.4.jar:/home/normat/.m2/repository/org/ow2/asm/asm-commons/9.4/asm-commons-9.4.jar:/home/normat/.m2/repository/org/ow2/asm/asm-tree/9.4/asm-tree-9.4.jar:/home/normat/.m2/repository/org/jdom/jdom2/2.0.6.1/jdom2-2.0.6.1.jar:/home/normat/.m2/repository/org/apache/maven/shared/maven-dependency-tree/3.2.0/maven-dependency-tree-3.2.0.jar:/home/normat/.m2/repository/org/eclipse/aether/aether-util/1.0.0.v20140518/aether-util-1.0.0.v20140518.jar:/home/normat/.m2/repository/org/eclipse/aether/aether-api/1.0.0.v20140518/aether-api-1.0.0.v20140518.jar:/home/normat/.m2/repository/org/vafer/jdependency/2.8.0/jdependency-2.8.0.jar:/home/normat/.m2/repository/org/apache/maven/shared/maven-shared-utils/3.3.4/maven-shared-utils-3.3.4.jar:/home/normat/.m2/repository/org/apache/commons/commons-collections4/4.4/commons-collections4-4.4.jar:/home/normat/.m2/repository/commons-io/commons-io/2.11.0/commons-io-2.11.0.jar:/home/normat/.m2/repository/org/junit/jupiter/junit-jupiter-api/5.9.1/junit-jupiter-api-5.9.1.jar:/home/normat/.m2/repository/org/opentest4j/opentest4j/1.2.0/opentest4j-1.2.0.jar:/home/normat/.m2/repository/org/junit/platform/junit-platform-commons/1.9.1/junit-platform-commons-1.9.1.jar:/home/normat/.m2/repository/org/apiguardian/apiguardian-api/1.1.2/apiguardian-api-1.1.2.jar:"/>
    <property name="sun.cpu.endian" value="little"/>
    <property name="user.home" value="/home/normat"/>
    <property name="user.language" value="en"/>
    <property name="java.specification.vendor" value="Oracle Corporation"/>
    <property name="java.version.date" value="2022-07-19"/>
    <property name="java.home" value="/usr/lib/jvm/java-18-openjdk-amd64"/>
    <property name="file.separator" value="/"/>
    <property name="basedir" value="/home/normat/IdeaProjects/JavaRushWorkBook"/>
    <property name="java.vm.compressedOopsMode" value="Zero based"/>
    <property name="line.separator" value="&#10;"/>
    <property name="java.vm.specification.vendor" value="Oracle Corporation"/>
    <property name="java.specification.name" value="Java Platform API Specification"/>
    <property name="surefire.real.class.path" value="/home/normat/IdeaProjects/JavaRushWorkBook/target/surefire/surefirebooter15856562121115877337.jar"/>
    <property name="sun.management.compiler" value="HotSpot 64-Bit Tiered Compilers"/>
    <property name="java.runtime.version" value="18.0.2-ea+9-Ubuntu-222.04"/>
    <property name="user.name" value="normat"/>
    <property name="path.separator" value=":"/>
    <property name="os.version" value="5.15.0-56-generic"/>
    <property name="java.runtime.name" value="OpenJDK Runtime Environment"/>
    <property name="file.encoding" value="UTF-8"/>
    <property name="java.vm.name" value="OpenJDK 64-Bit Server VM"/>
    <property name="localRepository" value="/home/normat/.m2/repository"/>
    <property name="java.vendor.url.bug" value="Unknown"/>
    <property name="java.io.tmpdir" value="/tmp"/>
    <property name="java.version" value="18.0.2-ea"/>
    <property name="user.dir" value="/home/normat/IdeaProjects/JavaRushWorkBook"/>
    <property name="os.arch" value="amd64"/>
    <property name="java.vm.specification.name" value="Java Virtual Machine Specification"/>
    <property name="native.encoding" value="UTF-8"/>
    <property name="java.library.path" value="/usr/java/packages/lib:/usr/lib/x86_64-linux-gnu/jni:/lib/x86_64-linux-gnu:/usr/lib/x86_64-linux-gnu:/usr/lib/jni:/lib:/usr/lib"/>
    <property name="java.vm.info" value="mixed mode, sharing"/>
    <property name="java.vendor" value="Private Build"/>
    <property name="java.vm.version" value="18.0.2-ea+9-Ubuntu-222.04"/>
    <property name="sun.io.unicode.encoding" value="UnicodeLittle"/>
    <property name="java.class.version" value="62.0"/>
  </properties>
</testsuite>